<?xml version="1.0" encoding="UTF-8"?>
<testsuite xmlns:xsi="http://www.w3.org/2001/XMLSchema-instance" xsi:noNamespaceSchemaLocation="https://maven.apache.org/surefire/maven-surefire-plugin/xsd/surefire-test-report-3.0.xsd" version="3.0" name="TestSuite" time="15.572" tests="1" errors="0" skipped="0" failures="0">
  <properties>
[...]
</properties>
  <testcase name="verifyLoginTest" classname="logExample.NOPCommLoginTest" time="0.537">
    <system-out><![CDATA[ INFO [main] (BaseTest.java:39)- ===============info===============
 WARN [main] (BaseTest.java:40)- ===============warn===============
ERROR [main] (BaseTest.java:41)- ===============error===============
 INFO [main] (BaseTest.java:43)- launching chrome browser
 INFO [main] (BaseTest.java:46)- launching application: https://admin-demo.nopcommerce.com/login?ReturnUrl=%2Fadmin%2F
 INFO [main] (NOPCommLoginTest.java:20)- clear the email value
 INFO [main] (NOPCommLoginTest.java:22)- enter email: admin@yourstore.com
 INFO [main] (NOPCommLoginTest.java:25)- clear the password value
 INFO [main] (NOPCommLoginTest.java:27)- enter password: admin
 INFO [main] (NOPCommLoginTest.java:30)- click on rememberMe checkbox
]]></system-out>
    <system-err><![CDATA[SLF4J: Failed to load class "org.slf4j.impl.StaticLoggerBinder".
SLF4J: Defaulting to no-operation (NOP) logger implementation
SLF4J: See http://www.slf4j.org/codes.html#StaticLoggerBinder for further details.
Jun 14, 2024 11:35:33 AM org.openqa.selenium.devtools.CdpVersionFinder findNearestMatch
WARNING: Unable to find an exact match for CDP version 125, returning the closest version; found: 123; Please update to a Selenium version that supports CDP version 125
]]></system-err>
  </testcase>
</testsuite>