<?xml version="1.0" encoding="UTF-8"?>
<testng-results ignored="0" total="1" passed="1" failed="0" skipped="0">
  <reporter-output>
  </reporter-output>
  <suite started-at="2024-06-14T11:35:30 IST" name="Suite" finished-at="2024-06-14T11:35:45 IST" duration-ms="14349">
    <groups>
    </groups>
    <test started-at="2024-06-14T11:35:30 IST" name="Test" finished-at="2024-06-14T11:35:45 IST" duration-ms="14349">
      <class name="logExample.NOPCommLoginTest">
        <test-method is-config="true" signature="launchapp()[pri:0, instance:logExample.NOPCommLoginTest@48aca48b]" started-at="2024-06-14T11:35:30 IST" name="launchapp" finished-at="2024-06-14T11:35:39 IST" duration-ms="8530" status="PASS">
          <reporter-output>
          </reporter-output>
        </test-method> <!-- launchapp -->
        <test-method signature="verifyLoginTest()[pri:0, instance:logExample.NOPCommLoginTest@48aca48b]" started-at="2024-06-14T11:35:39 IST" name="verifyLoginTest" finished-at="2024-06-14T11:35:39 IST" duration-ms="539" status="PASS">
          <reporter-output>
          </reporter-output>
        </test-method> <!-- verifyLoginTest -->
        <test-method is-config="true" signature="closeApp()[pri:0, instance:logExample.NOPCommLoginTest@48aca48b]" started-at="2024-06-14T11:35:39 IST" name="closeApp" finished-at="2024-06-14T11:35:45 IST" duration-ms="5191" status="PASS">
          <reporter-output>
          </reporter-output>
        </test-method> <!-- closeApp -->
      </class> <!-- logExample.NOPCommLoginTest -->
    </test> <!-- Test -->
  </suite> <!-- Suite -->
</testng-results>
