<?xml version="1.0" encoding="UTF-8"?>
<testng-results ignored="0" total="1" passed="1" failed="0" skipped="0">
  <reporter-output>
  </reporter-output>
  <suite started-at="2024-06-08T15:58:32 IST" name="Suite" finished-at="2024-06-08T15:58:53 IST" duration-ms="21381">
    <groups>
    </groups>
    <test started-at="2024-06-08T15:58:32 IST" name="Test" finished-at="2024-06-08T15:58:53 IST" duration-ms="21381">
      <class name="logExample.NOPCommLoginTest">
        <test-method is-config="true" signature="launchapp()[pri:0, instance:logExample.NOPCommLoginTest@51c668e3]" started-at="2024-06-08T15:58:32 IST" name="launchapp" finished-at="2024-06-08T15:58:48 IST" duration-ms="15732" status="PASS">
          <reporter-output>
          </reporter-output>
        </test-method> <!-- launchapp -->
        <test-method signature="verifyLoginTest()[pri:0, instance:logExample.NOPCommLoginTest@51c668e3]" started-at="2024-06-08T15:58:48 IST" name="verifyLoginTest" finished-at="2024-06-08T15:58:48 IST" duration-ms="413" status="PASS">
          <reporter-output>
          </reporter-output>
        </test-method> <!-- verifyLoginTest -->
        <test-method is-config="true" signature="closeApp()[pri:0, instance:logExample.NOPCommLoginTest@51c668e3]" started-at="2024-06-08T15:58:48 IST" name="closeApp" finished-at="2024-06-08T15:58:53 IST" duration-ms="5179" status="PASS">
          <reporter-output>
          </reporter-output>
        </test-method> <!-- closeApp -->
      </class> <!-- logExample.NOPCommLoginTest -->
    </test> <!-- Test -->
  </suite> <!-- Suite -->
</testng-results>
